c:\users\disckord\desktop\complex game systems\workspace\cppprimitiverenderer\cppprimitiverenderer\temp\cppprimitiverenderer\x64\debug\cppprimitiverenderer.pdb
c:\users\disckord\desktop\complex game systems\workspace\cppprimitiverenderer\cppprimitiverenderer\temp\cppprimitiverenderer\x64\debug\cppprimitiverenderer.idb
c:\users\disckord\desktop\complex game systems\workspace\cppprimitiverenderer\cppprimitiverenderer\temp\cppprimitiverenderer\x64\debug\vertexbuffer.obj
c:\users\disckord\desktop\complex game systems\workspace\cppprimitiverenderer\cppprimitiverenderer\temp\cppprimitiverenderer\x64\debug\vertexarrayobject.obj
c:\users\disckord\desktop\complex game systems\workspace\cppprimitiverenderer\cppprimitiverenderer\temp\cppprimitiverenderer\x64\debug\shaders.obj
c:\users\disckord\desktop\complex game systems\workspace\cppprimitiverenderer\cppprimitiverenderer\temp\cppprimitiverenderer\x64\debug\graphicswindow.obj
c:\users\disckord\desktop\complex game systems\workspace\cppprimitiverenderer\cppprimitiverenderer\temp\cppprimitiverenderer\x64\debug\renderer.obj
c:\users\disckord\desktop\complex game systems\workspace\cppprimitiverenderer\cppprimitiverenderer\temp\cppprimitiverenderer\x64\debug\camera.obj
c:\users\disckord\desktop\complex game systems\workspace\cppprimitiverenderer\cppprimitiverenderer\temp\cppprimitiverenderer\x64\debug\batch_point_spheres.obj
c:\users\disckord\desktop\complex game systems\workspace\cppprimitiverenderer\cppprimitiverenderer\temp\cppprimitiverenderer\x64\debug\batch_cubes.obj
c:\users\disckord\desktop\complex game systems\workspace\cppprimitiverenderer\cppprimitiverenderer\temp\cppprimitiverenderer\x64\debug\batchutil.obj
c:\users\disckord\desktop\complex game systems\workspace\cppprimitiverenderer\cppprimitiverenderer\temp\cppprimitiverenderer\x64\debug\logger.obj
c:\users\disckord\desktop\complex game systems\workspace\cppprimitiverenderer\cppprimitiverenderer\temp\cppprimitiverenderer\x64\debug\input.obj
c:\users\disckord\desktop\complex game systems\workspace\cppprimitiverenderer\cppprimitiverenderer\temp\cppprimitiverenderer\x64\debug\cppprimitiverenderer.lib
c:\users\disckord\desktop\complex game systems\workspace\cppprimitiverenderer\cppprimitiverenderer\temp\cppprimitiverenderer\x64\debug\cppprimi.8f9be04d.tlog\cl.command.1.tlog
c:\users\disckord\desktop\complex game systems\workspace\cppprimitiverenderer\cppprimitiverenderer\temp\cppprimitiverenderer\x64\debug\cppprimi.8f9be04d.tlog\cl.read.1.tlog
c:\users\disckord\desktop\complex game systems\workspace\cppprimitiverenderer\cppprimitiverenderer\temp\cppprimitiverenderer\x64\debug\cppprimi.8f9be04d.tlog\cl.write.1.tlog
c:\users\disckord\desktop\complex game systems\workspace\cppprimitiverenderer\cppprimitiverenderer\temp\cppprimitiverenderer\x64\debug\cppprimi.8f9be04d.tlog\lib-link.read.1.tlog
c:\users\disckord\desktop\complex game systems\workspace\cppprimitiverenderer\cppprimitiverenderer\temp\cppprimitiverenderer\x64\debug\cppprimi.8f9be04d.tlog\lib-link.write.1.tlog
c:\users\disckord\desktop\complex game systems\workspace\cppprimitiverenderer\cppprimitiverenderer\temp\cppprimitiverenderer\x64\debug\cppprimi.8f9be04d.tlog\lib.command.1.tlog
