  main.cpp
LINK : warning LNK4098: defaultlib 'LIBCMT' conflicts with use of other libs; use /NODEFAULTLIB:library
LINK : warning LNK4217: symbol '__glewPatchParameteri' defined in 'CppPrimitiveRenderer.lib(glew.obj)' is imported by 'CppPrimitiveRenderer.lib(Batch_CUBES.obj)' in function '"public: virtual void __cdecl Batch_CUBES::drawBatch(void)" (?drawBatch@Batch_CUBES@@UEAAXXZ)'
LINK : warning LNK4217: symbol '__glewBindBuffer' defined in 'CppPrimitiveRenderer.lib(glew.obj)' is imported by 'CppPrimitiveRenderer.lib(VertexArrayObject.obj)' in function '"public: void __cdecl VertexArrayObject::addDynamicIndicesBuffer(int)" (?addDynamicIndicesBuffer@VertexArrayObject@@QEAAXH@Z)'
LINK : warning LNK4286: symbol '__glewBindBuffer' defined in 'CppPrimitiveRenderer.lib(glew.obj)' is imported by 'CppPrimitiveRenderer.lib(VertexBuffer.obj)'
LINK : warning LNK4217: symbol '__glewBufferData' defined in 'CppPrimitiveRenderer.lib(glew.obj)' is imported by 'CppPrimitiveRenderer.lib(VertexArrayObject.obj)' in function '"public: void __cdecl VertexArrayObject::addDynamicIndicesBuffer(int)" (?addDynamicIndicesBuffer@VertexArrayObject@@QEAAXH@Z)'
LINK : warning LNK4286: symbol '__glewBufferData' defined in 'CppPrimitiveRenderer.lib(glew.obj)' is imported by 'CppPrimitiveRenderer.lib(VertexBuffer.obj)'
LINK : warning LNK4217: symbol '__glewBufferSubData' defined in 'CppPrimitiveRenderer.lib(glew.obj)' is imported by 'CppPrimitiveRenderer.lib(VertexArrayObject.obj)' in function '"public: void __cdecl VertexArrayObject::updateIndicesBuffer(unsigned int *,int)" (?updateIndicesBuffer@VertexArrayObject@@QEAAXPEAIH@Z)'
LINK : warning LNK4286: symbol '__glewBufferSubData' defined in 'CppPrimitiveRenderer.lib(glew.obj)' is imported by 'CppPrimitiveRenderer.lib(VertexBuffer.obj)'
LINK : warning LNK4217: symbol '__glewDeleteBuffers' defined in 'CppPrimitiveRenderer.lib(glew.obj)' is imported by 'CppPrimitiveRenderer.lib(VertexArrayObject.obj)' in function '"public: __cdecl VertexArrayObject::~VertexArrayObject(void)" (??1VertexArrayObject@@QEAA@XZ)'
LINK : warning LNK4286: symbol '__glewDeleteBuffers' defined in 'CppPrimitiveRenderer.lib(glew.obj)' is imported by 'CppPrimitiveRenderer.lib(VertexBuffer.obj)'
LINK : warning LNK4217: symbol '__glewGenBuffers' defined in 'CppPrimitiveRenderer.lib(glew.obj)' is imported by 'CppPrimitiveRenderer.lib(VertexArrayObject.obj)' in function '"public: void __cdecl VertexArrayObject::addDynamicIndicesBuffer(int)" (?addDynamicIndicesBuffer@VertexArrayObject@@QEAAXH@Z)'
LINK : warning LNK4286: symbol '__glewGenBuffers' defined in 'CppPrimitiveRenderer.lib(glew.obj)' is imported by 'CppPrimitiveRenderer.lib(VertexBuffer.obj)'
LINK : warning LNK4217: symbol '__glewEnableVertexAttribArray' defined in 'CppPrimitiveRenderer.lib(glew.obj)' is imported by 'CppPrimitiveRenderer.lib(VertexArrayObject.obj)' in function '"public: void __cdecl VertexArrayObject::finishBuilding(void)" (?finishBuilding@VertexArrayObject@@QEAAXXZ)'
LINK : warning LNK4217: symbol '__glewVertexAttribPointer' defined in 'CppPrimitiveRenderer.lib(glew.obj)' is imported by 'CppPrimitiveRenderer.lib(VertexArrayObject.obj)' in function '"public: void __cdecl VertexArrayObject::finishBuilding(void)" (?finishBuilding@VertexArrayObject@@QEAAXXZ)'
LINK : warning LNK4217: symbol '__glewBindVertexArray' defined in 'CppPrimitiveRenderer.lib(glew.obj)' is imported by 'CppPrimitiveRenderer.lib(VertexArrayObject.obj)' in function '"public: void __cdecl VertexArrayObject::beginBuilding(void)" (?beginBuilding@VertexArrayObject@@QEAAXXZ)'
LINK : warning LNK4217: symbol '__glewDeleteVertexArrays' defined in 'CppPrimitiveRenderer.lib(glew.obj)' is imported by 'CppPrimitiveRenderer.lib(VertexArrayObject.obj)' in function '"public: __cdecl VertexArrayObject::~VertexArrayObject(void)" (??1VertexArrayObject@@QEAA@XZ)'
LINK : warning LNK4217: symbol '__glewGenVertexArrays' defined in 'CppPrimitiveRenderer.lib(glew.obj)' is imported by 'CppPrimitiveRenderer.lib(VertexArrayObject.obj)' in function '"public: __cdecl VertexArrayObject::VertexArrayObject(void)" (??0VertexArrayObject@@QEAA@XZ)'
LINK : warning LNK4217: symbol '__glewAttachShader' defined in 'CppPrimitiveRenderer.lib(glew.obj)' is imported by 'CppPrimitiveRenderer.lib(Shaders.obj)' in function '"private: unsigned int __cdecl Shader::createShader(struct ShaderProgramSource)" (?createShader@Shader@@AEAAIUShaderProgramSource@@@Z)'
LINK : warning LNK4217: symbol '__glewCompileShader' defined in 'CppPrimitiveRenderer.lib(glew.obj)' is imported by 'CppPrimitiveRenderer.lib(Shaders.obj)' in function '"private: unsigned int __cdecl Shader::compileShaderOfType(unsigned int,class std::basic_string<char,struct std::char_traits<char>,class std::allocator<char> > const &)" (?compileShaderOfType@Shader@@AEAAIIAEBV?$basic_string@DU?$char_traits@D@std@@V?$allocator@D@2@@std@@@Z)'
LINK : warning LNK4217: symbol '__glewCreateProgram' defined in 'CppPrimitiveRenderer.lib(glew.obj)' is imported by 'CppPrimitiveRenderer.lib(Shaders.obj)' in function '"private: unsigned int __cdecl Shader::createShader(struct ShaderProgramSource)" (?createShader@Shader@@AEAAIUShaderProgramSource@@@Z)'
LINK : warning LNK4217: symbol '__glewCreateShader' defined in 'CppPrimitiveRenderer.lib(glew.obj)' is imported by 'CppPrimitiveRenderer.lib(Shaders.obj)' in function '"private: unsigned int __cdecl Shader::compileShaderOfType(unsigned int,class std::basic_string<char,struct std::char_traits<char>,class std::allocator<char> > const &)" (?compileShaderOfType@Shader@@AEAAIIAEBV?$basic_string@DU?$char_traits@D@std@@V?$allocator@D@2@@std@@@Z)'
LINK : warning LNK4217: symbol '__glewDeleteProgram' defined in 'CppPrimitiveRenderer.lib(glew.obj)' is imported by 'CppPrimitiveRenderer.lib(Shaders.obj)' in function '"public: __cdecl Shader::~Shader(void)" (??1Shader@@QEAA@XZ)'
LINK : warning LNK4217: symbol '__glewDeleteShader' defined in 'CppPrimitiveRenderer.lib(glew.obj)' is imported by 'CppPrimitiveRenderer.lib(Shaders.obj)' in function '"private: unsigned int __cdecl Shader::compileShaderOfType(unsigned int,class std::basic_string<char,struct std::char_traits<char>,class std::allocator<char> > const &)" (?compileShaderOfType@Shader@@AEAAIIAEBV?$basic_string@DU?$char_traits@D@std@@V?$allocator@D@2@@std@@@Z)'
LINK : warning LNK4217: symbol '__glewGetShaderInfoLog' defined in 'CppPrimitiveRenderer.lib(glew.obj)' is imported by 'CppPrimitiveRenderer.lib(Shaders.obj)' in function '"private: unsigned int __cdecl Shader::compileShaderOfType(unsigned int,class std::basic_string<char,struct std::char_traits<char>,class std::allocator<char> > const &)" (?compileShaderOfType@Shader@@AEAAIIAEBV?$basic_string@DU?$char_traits@D@std@@V?$allocator@D@2@@std@@@Z)'
LINK : warning LNK4217: symbol '__glewGetShaderiv' defined in 'CppPrimitiveRenderer.lib(glew.obj)' is imported by 'CppPrimitiveRenderer.lib(Shaders.obj)' in function '"private: unsigned int __cdecl Shader::compileShaderOfType(unsigned int,class std::basic_string<char,struct std::char_traits<char>,class std::allocator<char> > const &)" (?compileShaderOfType@Shader@@AEAAIIAEBV?$basic_string@DU?$char_traits@D@std@@V?$allocator@D@2@@std@@@Z)'
LINK : warning LNK4217: symbol '__glewGetUniformLocation' defined in 'CppPrimitiveRenderer.lib(glew.obj)' is imported by 'CppPrimitiveRenderer.lib(Shaders.obj)' in function '"public: int __cdecl Shader::getUniformLocation(class std::basic_string<char,struct std::char_traits<char>,class std::allocator<char> > const &)" (?getUniformLocation@Shader@@QEAAHAEBV?$basic_string@DU?$char_traits@D@std@@V?$allocator@D@2@@std@@@Z)'
LINK : warning LNK4217: symbol '__glewLinkProgram' defined in 'CppPrimitiveRenderer.lib(glew.obj)' is imported by 'CppPrimitiveRenderer.lib(Shaders.obj)' in function '"private: unsigned int __cdecl Shader::createShader(struct ShaderProgramSource)" (?createShader@Shader@@AEAAIUShaderProgramSource@@@Z)'
LINK : warning LNK4217: symbol '__glewShaderSource' defined in 'CppPrimitiveRenderer.lib(glew.obj)' is imported by 'CppPrimitiveRenderer.lib(Shaders.obj)' in function '"private: unsigned int __cdecl Shader::compileShaderOfType(unsigned int,class std::basic_string<char,struct std::char_traits<char>,class std::allocator<char> > const &)" (?compileShaderOfType@Shader@@AEAAIIAEBV?$basic_string@DU?$char_traits@D@std@@V?$allocator@D@2@@std@@@Z)'
LINK : warning LNK4217: symbol '__glewUniform1f' defined in 'CppPrimitiveRenderer.lib(glew.obj)' is imported by 'CppPrimitiveRenderer.lib(Shaders.obj)' in function '"public: void __cdecl Shader::setUniform1f(class std::basic_string<char,struct std::char_traits<char>,class std::allocator<char> > const &,float)" (?setUniform1f@Shader@@QEAAXAEBV?$basic_string@DU?$char_traits@D@std@@V?$allocator@D@2@@std@@M@Z)'
LINK : warning LNK4217: symbol '__glewUniform1i' defined in 'CppPrimitiveRenderer.lib(glew.obj)' is imported by 'CppPrimitiveRenderer.lib(Shaders.obj)' in function '"public: void __cdecl Shader::setUniform1i(class std::basic_string<char,struct std::char_traits<char>,class std::allocator<char> > const &,int)" (?setUniform1i@Shader@@QEAAXAEBV?$basic_string@DU?$char_traits@D@std@@V?$allocator@D@2@@std@@H@Z)'
LINK : warning LNK4217: symbol '__glewUniform2f' defined in 'CppPrimitiveRenderer.lib(glew.obj)' is imported by 'CppPrimitiveRenderer.lib(Shaders.obj)' in function '"public: void __cdecl Shader::setUniform2f(class std::basic_string<char,struct std::char_traits<char>,class std::allocator<char> > const &,struct glm::vec<2,float,0> &)" (?setUniform2f@Shader@@QEAAXAEBV?$basic_string@DU?$char_traits@D@std@@V?$allocator@D@2@@std@@AEAU?$vec@$01M$0A@@glm@@@Z)'
LINK : warning LNK4217: symbol '__glewUniform3f' defined in 'CppPrimitiveRenderer.lib(glew.obj)' is imported by 'CppPrimitiveRenderer.lib(Shaders.obj)' in function '"public: void __cdecl Shader::setUniform3f(class std::basic_string<char,struct std::char_traits<char>,class std::allocator<char> > const &,struct glm::vec<3,float,0> &)" (?setUniform3f@Shader@@QEAAXAEBV?$basic_string@DU?$char_traits@D@std@@V?$allocator@D@2@@std@@AEAU?$vec@$02M$0A@@glm@@@Z)'
LINK : warning LNK4217: symbol '__glewUniform4f' defined in 'CppPrimitiveRenderer.lib(glew.obj)' is imported by 'CppPrimitiveRenderer.lib(Shaders.obj)' in function '"public: void __cdecl Shader::setUniform4f(class std::basic_string<char,struct std::char_traits<char>,class std::allocator<char> > const &,struct glm::vec<4,float,0> &)" (?setUniform4f@Shader@@QEAAXAEBV?$basic_string@DU?$char_traits@D@std@@V?$allocator@D@2@@std@@AEAU?$vec@$03M$0A@@glm@@@Z)'
LINK : warning LNK4217: symbol '__glewUniformMatrix3fv' defined in 'CppPrimitiveRenderer.lib(glew.obj)' is imported by 'CppPrimitiveRenderer.lib(Shaders.obj)' in function '"public: void __cdecl Shader::setUniformMat3f(class std::basic_string<char,struct std::char_traits<char>,class std::allocator<char> > const &,struct glm::mat<3,3,float,0> const &)" (?setUniformMat3f@Shader@@QEAAXAEBV?$basic_string@DU?$char_traits@D@std@@V?$allocator@D@2@@std@@AEBU?$mat@$02$02M$0A@@glm@@@Z)'
LINK : warning LNK4217: symbol '__glewUniformMatrix4fv' defined in 'CppPrimitiveRenderer.lib(glew.obj)' is imported by 'CppPrimitiveRenderer.lib(Shaders.obj)' in function '"public: void __cdecl Shader::setUniformMat4f(class std::basic_string<char,struct std::char_traits<char>,class std::allocator<char> > const &,struct glm::mat<4,4,float,0> const &)" (?setUniformMat4f@Shader@@QEAAXAEBV?$basic_string@DU?$char_traits@D@std@@V?$allocator@D@2@@std@@AEBU?$mat@$03$03M$0A@@glm@@@Z)'
LINK : warning LNK4217: symbol '__glewUseProgram' defined in 'CppPrimitiveRenderer.lib(glew.obj)' is imported by 'CppPrimitiveRenderer.lib(Shaders.obj)' in function '"public: void __cdecl Shader::bind(void)const " (?bind@Shader@@QEBAXXZ)'
LINK : warning LNK4217: symbol '__glewValidateProgram' defined in 'CppPrimitiveRenderer.lib(glew.obj)' is imported by 'CppPrimitiveRenderer.lib(Shaders.obj)' in function '"private: unsigned int __cdecl Shader::createShader(struct ShaderProgramSource)" (?createShader@Shader@@AEAAIUShaderProgramSource@@@Z)'
CppPrimitiveRenderer.lib(Input.obj) : error LNK2019: unresolved external symbol glfwGetWindowSize referenced in function "private: void __cdecl Input::centerMouse(void)" (?centerMouse@Input@@AEAAXXZ)
CppPrimitiveRenderer.lib(Input.obj) : error LNK2019: unresolved external symbol glfwSetInputMode referenced in function "public: void __cdecl Input::setMouseVisible(bool)" (?setMouseVisible@Input@@QEAAX_N@Z)
CppPrimitiveRenderer.lib(Input.obj) : error LNK2019: unresolved external symbol glfwGetKey referenced in function "public: bool __cdecl Input::isKeyDown(int)" (?isKeyDown@Input@@QEAA_NH@Z)
CppPrimitiveRenderer.lib(Input.obj) : error LNK2019: unresolved external symbol glfwGetMouseButton referenced in function "public: bool __cdecl Input::isMouseButtonDown(int)" (?isMouseButtonDown@Input@@QEAA_NH@Z)
CppPrimitiveRenderer.lib(Input.obj) : error LNK2019: unresolved external symbol glfwGetCursorPos referenced in function "public: void __cdecl Input::update(void)" (?update@Input@@QEAAXXZ)
CppPrimitiveRenderer.lib(Input.obj) : error LNK2019: unresolved external symbol glfwSetCursorPos referenced in function "private: void __cdecl Input::centerMouse(void)" (?centerMouse@Input@@AEAAXXZ)
CppPrimitiveRenderer.lib(Renderer.obj) : error LNK2019: unresolved external symbol glfwInit referenced in function "public: struct GLFWwindow * __cdecl Renderer::init(int,int,char const *)" (?init@Renderer@@QEAAPEAUGLFWwindow@@HHPEBD@Z)
CppPrimitiveRenderer.lib(Renderer.obj) : error LNK2019: unresolved external symbol glfwTerminate referenced in function "public: void __cdecl Renderer::close(void)" (?close@Renderer@@QEAAXXZ)
CppPrimitiveRenderer.lib(Renderer.obj) : error LNK2019: unresolved external symbol glfwGetVersionString referenced in function "public: struct GLFWwindow * __cdecl Renderer::init(int,int,char const *)" (?init@Renderer@@QEAAPEAUGLFWwindow@@HHPEBD@Z)
CppPrimitiveRenderer.lib(Renderer.obj) : error LNK2019: unresolved external symbol glfwCreateWindow referenced in function "public: struct GLFWwindow * __cdecl Renderer::init(int,int,char const *)" (?init@Renderer@@QEAAPEAUGLFWwindow@@HHPEBD@Z)
CppPrimitiveRenderer.lib(Renderer.obj) : error LNK2019: unresolved external symbol glfwDestroyWindow referenced in function "public: void __cdecl Renderer::destroyWindow(struct GLFWwindow *)" (?destroyWindow@Renderer@@QEAAXPEAUGLFWwindow@@@Z)
CppPrimitiveRenderer.lib(Renderer.obj) : error LNK2019: unresolved external symbol glfwWindowShouldClose referenced in function "public: bool __cdecl Renderer::shouldWindowClose(struct GLFWwindow *)" (?shouldWindowClose@Renderer@@QEAA_NPEAUGLFWwindow@@@Z)
CppPrimitiveRenderer.lib(Renderer.obj) : error LNK2019: unresolved external symbol glfwGetFramebufferSize referenced in function "public: struct glm::vec<2,float,0> __cdecl Renderer::getViewPortSize(struct GLFWwindow *)" (?getViewPortSize@Renderer@@QEAA?AU?$vec@$01M$0A@@glm@@PEAUGLFWwindow@@@Z)
CppPrimitiveRenderer.lib(Renderer.obj) : error LNK2019: unresolved external symbol glfwPollEvents referenced in function "public: void __cdecl Renderer::swapAndPoll(struct GLFWwindow *)" (?swapAndPoll@Renderer@@QEAAXPEAUGLFWwindow@@@Z)
CppPrimitiveRenderer.lib(Renderer.obj) : error LNK2019: unresolved external symbol glfwMakeContextCurrent referenced in function "public: struct GLFWwindow * __cdecl Renderer::init(int,int,char const *)" (?init@Renderer@@QEAAPEAUGLFWwindow@@HHPEBD@Z)
CppPrimitiveRenderer.lib(Renderer.obj) : error LNK2019: unresolved external symbol glfwSwapBuffers referenced in function "public: void __cdecl Renderer::swapAndPoll(struct GLFWwindow *)" (?swapAndPoll@Renderer@@QEAAXPEAUGLFWwindow@@@Z)
CppPrimitiveRenderer.lib(Renderer.obj) : error LNK2019: unresolved external symbol glfwSwapInterval referenced in function "public: struct GLFWwindow * __cdecl Renderer::init(int,int,char const *)" (?init@Renderer@@QEAAPEAUGLFWwindow@@HHPEBD@Z)
C:\Users\disckord\Desktop\Complex Game Systems\workspace\CppPrimitiveRenderer\CppPrimitiveRenderer\temp\DemoApp\x64\Debug\DemoApp.exe : fatal error LNK1120: 17 unresolved externals
