  main.cpp
LINK : warning LNK4098: defaultlib 'LIBCMT' conflicts with use of other libs; use /NODEFAULTLIB:library
  Generating code
  Previous IPDB not found, fall back to full compilation.
  All 1038 functions were compiled because no usable IPDB/IOBJ from previous compilation was found.
  Finished generating code
LINK : warning LNK4286: symbol '___glewPatchParameteri' defined in 'CppPrimitiveRenderer.lib(glew.obj)' is imported by 'CppPrimitiveRenderer.lib(Batch_CUBES.obj)'
LINK : warning LNK4286: symbol '___glewUniform4f' defined in 'CppPrimitiveRenderer.lib(glew.obj)' is imported by 'CppPrimitiveRenderer.lib(Shaders.obj)'
LINK : warning LNK4286: symbol '___glewLinkProgram' defined in 'CppPrimitiveRenderer.lib(glew.obj)' is imported by 'CppPrimitiveRenderer.lib(Shaders.obj)'
LINK : warning LNK4286: symbol '___glewDeleteShader' defined in 'CppPrimitiveRenderer.lib(glew.obj)' is imported by 'CppPrimitiveRenderer.lib(Shaders.obj)'
LINK : warning LNK4286: symbol '___glewUniform3f' defined in 'CppPrimitiveRenderer.lib(glew.obj)' is imported by 'CppPrimitiveRenderer.lib(Shaders.obj)'
LINK : warning LNK4286: symbol '___glewUniformMatrix4fv' defined in 'CppPrimitiveRenderer.lib(glew.obj)' is imported by 'CppPrimitiveRenderer.lib(Shaders.obj)'
LINK : warning LNK4286: symbol '___glewShaderSource' defined in 'CppPrimitiveRenderer.lib(glew.obj)' is imported by 'CppPrimitiveRenderer.lib(Shaders.obj)'
LINK : warning LNK4286: symbol '___glewDeleteProgram' defined in 'CppPrimitiveRenderer.lib(glew.obj)' is imported by 'CppPrimitiveRenderer.lib(Shaders.obj)'
LINK : warning LNK4286: symbol '___glewAttachShader' defined in 'CppPrimitiveRenderer.lib(glew.obj)' is imported by 'CppPrimitiveRenderer.lib(Shaders.obj)'
LINK : warning LNK4286: symbol '___glewGetUniformLocation' defined in 'CppPrimitiveRenderer.lib(glew.obj)' is imported by 'CppPrimitiveRenderer.lib(Shaders.obj)'
LINK : warning LNK4286: symbol '___glewUniform1f' defined in 'CppPrimitiveRenderer.lib(glew.obj)' is imported by 'CppPrimitiveRenderer.lib(Shaders.obj)'
LINK : warning LNK4286: symbol '___glewUniform2f' defined in 'CppPrimitiveRenderer.lib(glew.obj)' is imported by 'CppPrimitiveRenderer.lib(Shaders.obj)'
LINK : warning LNK4286: symbol '___glewValidateProgram' defined in 'CppPrimitiveRenderer.lib(glew.obj)' is imported by 'CppPrimitiveRenderer.lib(Shaders.obj)'
LINK : warning LNK4286: symbol '___glewGetShaderInfoLog' defined in 'CppPrimitiveRenderer.lib(glew.obj)' is imported by 'CppPrimitiveRenderer.lib(Shaders.obj)'
LINK : warning LNK4286: symbol '___glewUniform1i' defined in 'CppPrimitiveRenderer.lib(glew.obj)' is imported by 'CppPrimitiveRenderer.lib(Shaders.obj)'
LINK : warning LNK4286: symbol '___glewCreateProgram' defined in 'CppPrimitiveRenderer.lib(glew.obj)' is imported by 'CppPrimitiveRenderer.lib(Shaders.obj)'
LINK : warning LNK4286: symbol '___glewCreateShader' defined in 'CppPrimitiveRenderer.lib(glew.obj)' is imported by 'CppPrimitiveRenderer.lib(Shaders.obj)'
LINK : warning LNK4286: symbol '___glewCompileShader' defined in 'CppPrimitiveRenderer.lib(glew.obj)' is imported by 'CppPrimitiveRenderer.lib(Shaders.obj)'
LINK : warning LNK4286: symbol '___glewGetShaderiv' defined in 'CppPrimitiveRenderer.lib(glew.obj)' is imported by 'CppPrimitiveRenderer.lib(Shaders.obj)'
LINK : warning LNK4286: symbol '___glewUseProgram' defined in 'CppPrimitiveRenderer.lib(glew.obj)' is imported by 'CppPrimitiveRenderer.lib(Shaders.obj)'
LINK : warning LNK4286: symbol '___glewUniformMatrix3fv' defined in 'CppPrimitiveRenderer.lib(glew.obj)' is imported by 'CppPrimitiveRenderer.lib(Shaders.obj)'
LINK : warning LNK4286: symbol '___glewDeleteBuffers' defined in 'CppPrimitiveRenderer.lib(glew.obj)' is imported by 'CppPrimitiveRenderer.lib(VertexArrayObject.obj)'
LINK : warning LNK4286: symbol '___glewGenBuffers' defined in 'CppPrimitiveRenderer.lib(glew.obj)' is imported by 'CppPrimitiveRenderer.lib(VertexArrayObject.obj)'
LINK : warning LNK4286: symbol '___glewGenVertexArrays' defined in 'CppPrimitiveRenderer.lib(glew.obj)' is imported by 'CppPrimitiveRenderer.lib(VertexArrayObject.obj)'
LINK : warning LNK4286: symbol '___glewBufferData' defined in 'CppPrimitiveRenderer.lib(glew.obj)' is imported by 'CppPrimitiveRenderer.lib(VertexArrayObject.obj)'
LINK : warning LNK4286: symbol '___glewDeleteVertexArrays' defined in 'CppPrimitiveRenderer.lib(glew.obj)' is imported by 'CppPrimitiveRenderer.lib(VertexArrayObject.obj)'
LINK : warning LNK4286: symbol '___glewBufferSubData' defined in 'CppPrimitiveRenderer.lib(glew.obj)' is imported by 'CppPrimitiveRenderer.lib(VertexArrayObject.obj)'
LINK : warning LNK4286: symbol '___glewBindBuffer' defined in 'CppPrimitiveRenderer.lib(glew.obj)' is imported by 'CppPrimitiveRenderer.lib(VertexArrayObject.obj)'
LINK : warning LNK4286: symbol '___glewVertexAttribPointer' defined in 'CppPrimitiveRenderer.lib(glew.obj)' is imported by 'CppPrimitiveRenderer.lib(VertexArrayObject.obj)'
LINK : warning LNK4286: symbol '___glewBindVertexArray' defined in 'CppPrimitiveRenderer.lib(glew.obj)' is imported by 'CppPrimitiveRenderer.lib(VertexArrayObject.obj)'
LINK : warning LNK4286: symbol '___glewEnableVertexAttribArray' defined in 'CppPrimitiveRenderer.lib(glew.obj)' is imported by 'CppPrimitiveRenderer.lib(VertexArrayObject.obj)'
CppPrimitiveRenderer.lib(glew.obj) : warning LNK4099: PDB 'vc120.pdb' was not found with 'CppPrimitiveRenderer.lib(glew.obj)' or at 'C:\Users\disckord\Desktop\Complex Game Systems\workspace\CppPrimitiveRenderer\CppPrimitiveRenderer\temp\DemoApp\Win32\Release\vc120.pdb'; linking object as if no debug info
  DemoApp.vcxproj -> C:\Users\disckord\Desktop\Complex Game Systems\workspace\CppPrimitiveRenderer\CppPrimitiveRenderer\temp\DemoApp\Win32\Release\DemoApp.exe
