  main.cpp
CppPrimitiveRenderer.lib(Input.obj) : error LNK2001: unresolved external symbol glfwGetKey
CppPrimitiveRenderer.lib(Input.obj) : error LNK2001: unresolved external symbol glfwGetMouseButton
CppPrimitiveRenderer.lib(Input.obj) : error LNK2001: unresolved external symbol glfwGetWindowSize
CppPrimitiveRenderer.lib(Input.obj) : error LNK2001: unresolved external symbol glfwSetInputMode
CppPrimitiveRenderer.lib(Input.obj) : error LNK2001: unresolved external symbol glfwSetCursorPos
CppPrimitiveRenderer.lib(Input.obj) : error LNK2001: unresolved external symbol glfwGetCursorPos
CppPrimitiveRenderer.lib(Renderer.obj) : error LNK2001: unresolved external symbol glfwSwapBuffers
CppPrimitiveRenderer.lib(Renderer.obj) : error LNK2001: unresolved external symbol glfwSwapInterval
CppPrimitiveRenderer.lib(Renderer.obj) : error LNK2001: unresolved external symbol __glewDebugMessageCallback
CppPrimitiveRenderer.lib(Renderer.obj) : error LNK2001: unresolved external symbol glfwGetFramebufferSize
CppPrimitiveRenderer.lib(Renderer.obj) : error LNK2001: unresolved external symbol glewGetErrorString
CppPrimitiveRenderer.lib(Renderer.obj) : error LNK2001: unresolved external symbol glfwTerminate
CppPrimitiveRenderer.lib(Renderer.obj) : error LNK2001: unresolved external symbol glfwGetVersionString
CppPrimitiveRenderer.lib(Renderer.obj) : error LNK2001: unresolved external symbol glfwPollEvents
CppPrimitiveRenderer.lib(Renderer.obj) : error LNK2001: unresolved external symbol glfwInit
CppPrimitiveRenderer.lib(Renderer.obj) : error LNK2001: unresolved external symbol glfwCreateWindow
CppPrimitiveRenderer.lib(Renderer.obj) : error LNK2001: unresolved external symbol glfwMakeContextCurrent
CppPrimitiveRenderer.lib(Renderer.obj) : error LNK2001: unresolved external symbol glfwDestroyWindow
CppPrimitiveRenderer.lib(Renderer.obj) : error LNK2001: unresolved external symbol glfwWindowShouldClose
CppPrimitiveRenderer.lib(Renderer.obj) : error LNK2001: unresolved external symbol glewInit
CppPrimitiveRenderer.lib(Batch_CUBES.obj) : error LNK2001: unresolved external symbol __imp___glewPatchParameteri
CppPrimitiveRenderer.lib(Shaders.obj) : error LNK2001: unresolved external symbol __imp___glewUniformMatrix3fv
CppPrimitiveRenderer.lib(Shaders.obj) : error LNK2001: unresolved external symbol __imp___glewUseProgram
CppPrimitiveRenderer.lib(Shaders.obj) : error LNK2001: unresolved external symbol __imp___glewGetShaderiv
CppPrimitiveRenderer.lib(Shaders.obj) : error LNK2001: unresolved external symbol __imp___glewCompileShader
CppPrimitiveRenderer.lib(Shaders.obj) : error LNK2001: unresolved external symbol __imp___glewCreateShader
CppPrimitiveRenderer.lib(Shaders.obj) : error LNK2001: unresolved external symbol __imp___glewCreateProgram
CppPrimitiveRenderer.lib(Shaders.obj) : error LNK2001: unresolved external symbol __imp___glewUniform1i
CppPrimitiveRenderer.lib(Shaders.obj) : error LNK2001: unresolved external symbol __imp___glewGetShaderInfoLog
CppPrimitiveRenderer.lib(Shaders.obj) : error LNK2001: unresolved external symbol __imp___glewValidateProgram
CppPrimitiveRenderer.lib(Shaders.obj) : error LNK2001: unresolved external symbol __imp___glewUniform2f
CppPrimitiveRenderer.lib(Shaders.obj) : error LNK2001: unresolved external symbol __imp___glewUniform1f
CppPrimitiveRenderer.lib(Shaders.obj) : error LNK2001: unresolved external symbol __imp___glewGetUniformLocation
CppPrimitiveRenderer.lib(Shaders.obj) : error LNK2001: unresolved external symbol __imp___glewAttachShader
CppPrimitiveRenderer.lib(Shaders.obj) : error LNK2001: unresolved external symbol __imp___glewDeleteProgram
CppPrimitiveRenderer.lib(Shaders.obj) : error LNK2001: unresolved external symbol __imp___glewShaderSource
CppPrimitiveRenderer.lib(Shaders.obj) : error LNK2001: unresolved external symbol __imp___glewUniformMatrix4fv
CppPrimitiveRenderer.lib(Shaders.obj) : error LNK2001: unresolved external symbol __imp___glewUniform3f
CppPrimitiveRenderer.lib(Shaders.obj) : error LNK2001: unresolved external symbol __imp___glewDeleteShader
CppPrimitiveRenderer.lib(Shaders.obj) : error LNK2001: unresolved external symbol __imp___glewLinkProgram
CppPrimitiveRenderer.lib(Shaders.obj) : error LNK2001: unresolved external symbol __imp___glewUniform4f
CppPrimitiveRenderer.lib(VertexArrayObject.obj) : error LNK2001: unresolved external symbol __imp___glewEnableVertexAttribArray
CppPrimitiveRenderer.lib(VertexArrayObject.obj) : error LNK2001: unresolved external symbol __imp___glewBindVertexArray
CppPrimitiveRenderer.lib(VertexArrayObject.obj) : error LNK2001: unresolved external symbol __imp___glewVertexAttribPointer
CppPrimitiveRenderer.lib(VertexArrayObject.obj) : error LNK2001: unresolved external symbol __imp___glewBindBuffer
CppPrimitiveRenderer.lib(VertexArrayObject.obj) : error LNK2001: unresolved external symbol __imp___glewBufferSubData
CppPrimitiveRenderer.lib(VertexArrayObject.obj) : error LNK2001: unresolved external symbol __imp___glewDeleteVertexArrays
CppPrimitiveRenderer.lib(VertexArrayObject.obj) : error LNK2001: unresolved external symbol __imp___glewBufferData
CppPrimitiveRenderer.lib(VertexArrayObject.obj) : error LNK2001: unresolved external symbol __imp___glewGenVertexArrays
CppPrimitiveRenderer.lib(VertexArrayObject.obj) : error LNK2001: unresolved external symbol __imp___glewGenBuffers
CppPrimitiveRenderer.lib(VertexArrayObject.obj) : error LNK2001: unresolved external symbol __imp___glewDeleteBuffers
C:\Users\disckord\Desktop\Complex Game Systems\workspace\CppPrimitiveRenderer\CppPrimitiveRenderer\temp\DemoApp\x64\Release\DemoApp.exe : fatal error LNK1120: 51 unresolved externals
