c:\users\disckord\desktop\complex game systems\workspace\cppprimitiverenderer\cppprimitiverenderer\cppprimitiverenderer\temp\vc142.pdb
c:\users\disckord\desktop\complex game systems\workspace\cppprimitiverenderer\cppprimitiverenderer\cppprimitiverenderer\temp\vc142.idb
c:\users\disckord\desktop\complex game systems\workspace\cppprimitiverenderer\cppprimitiverenderer\cppprimitiverenderer\temp\vertexbuffer.obj
c:\users\disckord\desktop\complex game systems\workspace\cppprimitiverenderer\cppprimitiverenderer\cppprimitiverenderer\temp\vertexarrayobject.obj
c:\users\disckord\desktop\complex game systems\workspace\cppprimitiverenderer\cppprimitiverenderer\cppprimitiverenderer\temp\shaders.obj
c:\users\disckord\desktop\complex game systems\workspace\cppprimitiverenderer\cppprimitiverenderer\cppprimitiverenderer\temp\main.obj
c:\users\disckord\desktop\complex game systems\workspace\cppprimitiverenderer\cppprimitiverenderer\cppprimitiverenderer\temp\graphicswindow.obj
c:\users\disckord\desktop\complex game systems\workspace\cppprimitiverenderer\cppprimitiverenderer\cppprimitiverenderer\temp\renderer.obj
c:\users\disckord\desktop\complex game systems\workspace\cppprimitiverenderer\cppprimitiverenderer\cppprimitiverenderer\temp\camera.obj
c:\users\disckord\desktop\complex game systems\workspace\cppprimitiverenderer\cppprimitiverenderer\cppprimitiverenderer\temp\batch_point_spheres.obj
c:\users\disckord\desktop\complex game systems\workspace\cppprimitiverenderer\cppprimitiverenderer\cppprimitiverenderer\temp\batchutil.obj
c:\users\disckord\desktop\complex game systems\workspace\cppprimitiverenderer\cppprimitiverenderer\cppprimitiverenderer\temp\batch.obj
c:\users\disckord\desktop\complex game systems\workspace\cppprimitiverenderer\cppprimitiverenderer\cppprimitiverenderer\temp\logger.obj
c:\users\disckord\desktop\complex game systems\workspace\cppprimitiverenderer\cppprimitiverenderer\cppprimitiverenderer\bin\debug\cppprimitiverenderer.pdb
c:\users\disckord\desktop\complex game systems\workspace\cppprimitiverenderer\cppprimitiverenderer\cppprimitiverenderer\temp\cppprimi.8f9be04d.tlog\cl.command.1.tlog
c:\users\disckord\desktop\complex game systems\workspace\cppprimitiverenderer\cppprimitiverenderer\cppprimitiverenderer\temp\cppprimi.8f9be04d.tlog\cl.read.1.tlog
c:\users\disckord\desktop\complex game systems\workspace\cppprimitiverenderer\cppprimitiverenderer\cppprimitiverenderer\temp\cppprimi.8f9be04d.tlog\cl.write.1.tlog
c:\users\disckord\desktop\complex game systems\workspace\cppprimitiverenderer\cppprimitiverenderer\cppprimitiverenderer\temp\cppprimi.8f9be04d.tlog\link-cvtres.read.1.tlog
c:\users\disckord\desktop\complex game systems\workspace\cppprimitiverenderer\cppprimitiverenderer\cppprimitiverenderer\temp\cppprimi.8f9be04d.tlog\link-cvtres.write.1.tlog
c:\users\disckord\desktop\complex game systems\workspace\cppprimitiverenderer\cppprimitiverenderer\cppprimitiverenderer\temp\cppprimi.8f9be04d.tlog\link-rc.read.1.tlog
c:\users\disckord\desktop\complex game systems\workspace\cppprimitiverenderer\cppprimitiverenderer\cppprimitiverenderer\temp\cppprimi.8f9be04d.tlog\link-rc.write.1.tlog
c:\users\disckord\desktop\complex game systems\workspace\cppprimitiverenderer\cppprimitiverenderer\cppprimitiverenderer\temp\cppprimi.8f9be04d.tlog\link.command.1.tlog
c:\users\disckord\desktop\complex game systems\workspace\cppprimitiverenderer\cppprimitiverenderer\cppprimitiverenderer\temp\cppprimi.8f9be04d.tlog\link.read.1.tlog
c:\users\disckord\desktop\complex game systems\workspace\cppprimitiverenderer\cppprimitiverenderer\cppprimitiverenderer\temp\cppprimi.8f9be04d.tlog\link.write.1.tlog
