LINK : warning LNK4098: defaultlib 'MSVCRT' conflicts with use of other libs; use /NODEFAULTLIB:library
LINK : warning LNK4098: defaultlib 'LIBCMT' conflicts with use of other libs; use /NODEFAULTLIB:library
LINK : warning LNK4217: symbol '___glewPatchParameteri' defined in 'glew32s.lib(glew.obj)' is imported by 'Batch_CUBES.obj' in function '"public: virtual void __thiscall Batch_CUBES::drawBatch(void)" (?drawBatch@Batch_CUBES@@UAEXXZ)'
LINK : warning LNK4217: symbol '___glewAttachShader' defined in 'glew32s.lib(glew.obj)' is imported by 'Shaders.obj' in function '"private: unsigned int __thiscall Shader::createShader(struct ShaderProgramSource)" (?createShader@Shader@@AAEIUShaderProgramSource@@@Z)'
LINK : warning LNK4217: symbol '___glewCompileShader' defined in 'glew32s.lib(glew.obj)' is imported by 'Shaders.obj' in function '"private: unsigned int __thiscall Shader::compileShaderOfType(unsigned int,class std::basic_string<char,struct std::char_traits<char>,class std::allocator<char> > const &)" (?compileShaderOfType@Shader@@AAEIIABV?$basic_string@DU?$char_traits@D@std@@V?$allocator@D@2@@std@@@Z)'
LINK : warning LNK4217: symbol '___glewCreateProgram' defined in 'glew32s.lib(glew.obj)' is imported by 'Shaders.obj' in function '"private: unsigned int __thiscall Shader::createShader(struct ShaderProgramSource)" (?createShader@Shader@@AAEIUShaderProgramSource@@@Z)'
LINK : warning LNK4217: symbol '___glewCreateShader' defined in 'glew32s.lib(glew.obj)' is imported by 'Shaders.obj' in function '"private: unsigned int __thiscall Shader::compileShaderOfType(unsigned int,class std::basic_string<char,struct std::char_traits<char>,class std::allocator<char> > const &)" (?compileShaderOfType@Shader@@AAEIIABV?$basic_string@DU?$char_traits@D@std@@V?$allocator@D@2@@std@@@Z)'
LINK : warning LNK4217: symbol '___glewDeleteProgram' defined in 'glew32s.lib(glew.obj)' is imported by 'Shaders.obj' in function '"public: __thiscall Shader::~Shader(void)" (??1Shader@@QAE@XZ)'
LINK : warning LNK4217: symbol '___glewDeleteShader' defined in 'glew32s.lib(glew.obj)' is imported by 'Shaders.obj' in function '"private: unsigned int __thiscall Shader::compileShaderOfType(unsigned int,class std::basic_string<char,struct std::char_traits<char>,class std::allocator<char> > const &)" (?compileShaderOfType@Shader@@AAEIIABV?$basic_string@DU?$char_traits@D@std@@V?$allocator@D@2@@std@@@Z)'
LINK : warning LNK4217: symbol '___glewGetShaderInfoLog' defined in 'glew32s.lib(glew.obj)' is imported by 'Shaders.obj' in function '"private: unsigned int __thiscall Shader::compileShaderOfType(unsigned int,class std::basic_string<char,struct std::char_traits<char>,class std::allocator<char> > const &)" (?compileShaderOfType@Shader@@AAEIIABV?$basic_string@DU?$char_traits@D@std@@V?$allocator@D@2@@std@@@Z)'
LINK : warning LNK4217: symbol '___glewGetShaderiv' defined in 'glew32s.lib(glew.obj)' is imported by 'Shaders.obj' in function '"private: unsigned int __thiscall Shader::compileShaderOfType(unsigned int,class std::basic_string<char,struct std::char_traits<char>,class std::allocator<char> > const &)" (?compileShaderOfType@Shader@@AAEIIABV?$basic_string@DU?$char_traits@D@std@@V?$allocator@D@2@@std@@@Z)'
LINK : warning LNK4217: symbol '___glewGetUniformLocation' defined in 'glew32s.lib(glew.obj)' is imported by 'Shaders.obj' in function '"public: int __thiscall Shader::getUniformLocation(class std::basic_string<char,struct std::char_traits<char>,class std::allocator<char> > const &)" (?getUniformLocation@Shader@@QAEHABV?$basic_string@DU?$char_traits@D@std@@V?$allocator@D@2@@std@@@Z)'
LINK : warning LNK4217: symbol '___glewLinkProgram' defined in 'glew32s.lib(glew.obj)' is imported by 'Shaders.obj' in function '"private: unsigned int __thiscall Shader::createShader(struct ShaderProgramSource)" (?createShader@Shader@@AAEIUShaderProgramSource@@@Z)'
LINK : warning LNK4217: symbol '___glewShaderSource' defined in 'glew32s.lib(glew.obj)' is imported by 'Shaders.obj' in function '"private: unsigned int __thiscall Shader::compileShaderOfType(unsigned int,class std::basic_string<char,struct std::char_traits<char>,class std::allocator<char> > const &)" (?compileShaderOfType@Shader@@AAEIIABV?$basic_string@DU?$char_traits@D@std@@V?$allocator@D@2@@std@@@Z)'
LINK : warning LNK4217: symbol '___glewUniform1f' defined in 'glew32s.lib(glew.obj)' is imported by 'Shaders.obj' in function '"public: void __thiscall Shader::setUniform1f(class std::basic_string<char,struct std::char_traits<char>,class std::allocator<char> > const &,float)" (?setUniform1f@Shader@@QAEXABV?$basic_string@DU?$char_traits@D@std@@V?$allocator@D@2@@std@@M@Z)'
LINK : warning LNK4217: symbol '___glewUniform1i' defined in 'glew32s.lib(glew.obj)' is imported by 'Shaders.obj' in function '"public: void __thiscall Shader::setUniform1i(class std::basic_string<char,struct std::char_traits<char>,class std::allocator<char> > const &,int)" (?setUniform1i@Shader@@QAEXABV?$basic_string@DU?$char_traits@D@std@@V?$allocator@D@2@@std@@H@Z)'
LINK : warning LNK4217: symbol '___glewUniform2f' defined in 'glew32s.lib(glew.obj)' is imported by 'Shaders.obj' in function '"public: void __thiscall Shader::setUniform2f(class std::basic_string<char,struct std::char_traits<char>,class std::allocator<char> > const &,struct glm::vec<2,float,0> &)" (?setUniform2f@Shader@@QAEXABV?$basic_string@DU?$char_traits@D@std@@V?$allocator@D@2@@std@@AAU?$vec@$01M$0A@@glm@@@Z)'
LINK : warning LNK4217: symbol '___glewUniform3f' defined in 'glew32s.lib(glew.obj)' is imported by 'Shaders.obj' in function '"public: void __thiscall Shader::setUniform3f(class std::basic_string<char,struct std::char_traits<char>,class std::allocator<char> > const &,struct glm::vec<3,float,0> &)" (?setUniform3f@Shader@@QAEXABV?$basic_string@DU?$char_traits@D@std@@V?$allocator@D@2@@std@@AAU?$vec@$02M$0A@@glm@@@Z)'
LINK : warning LNK4217: symbol '___glewUniform4f' defined in 'glew32s.lib(glew.obj)' is imported by 'Shaders.obj' in function '"public: void __thiscall Shader::setUniform4f(class std::basic_string<char,struct std::char_traits<char>,class std::allocator<char> > const &,struct glm::vec<4,float,0> &)" (?setUniform4f@Shader@@QAEXABV?$basic_string@DU?$char_traits@D@std@@V?$allocator@D@2@@std@@AAU?$vec@$03M$0A@@glm@@@Z)'
LINK : warning LNK4217: symbol '___glewUniformMatrix3fv' defined in 'glew32s.lib(glew.obj)' is imported by 'Shaders.obj' in function '"public: void __thiscall Shader::setUniformMat3f(class std::basic_string<char,struct std::char_traits<char>,class std::allocator<char> > const &,struct glm::mat<3,3,float,0> const &)" (?setUniformMat3f@Shader@@QAEXABV?$basic_string@DU?$char_traits@D@std@@V?$allocator@D@2@@std@@ABU?$mat@$02$02M$0A@@glm@@@Z)'
LINK : warning LNK4217: symbol '___glewUniformMatrix4fv' defined in 'glew32s.lib(glew.obj)' is imported by 'Shaders.obj' in function '"public: void __thiscall Shader::setUniformMat4f(class std::basic_string<char,struct std::char_traits<char>,class std::allocator<char> > const &,struct glm::mat<4,4,float,0> const &)" (?setUniformMat4f@Shader@@QAEXABV?$basic_string@DU?$char_traits@D@std@@V?$allocator@D@2@@std@@ABU?$mat@$03$03M$0A@@glm@@@Z)'
LINK : warning LNK4217: symbol '___glewUseProgram' defined in 'glew32s.lib(glew.obj)' is imported by 'Shaders.obj' in function '"public: void __thiscall Shader::bind(void)const " (?bind@Shader@@QBEXXZ)'
LINK : warning LNK4217: symbol '___glewValidateProgram' defined in 'glew32s.lib(glew.obj)' is imported by 'Shaders.obj' in function '"private: unsigned int __thiscall Shader::createShader(struct ShaderProgramSource)" (?createShader@Shader@@AAEIUShaderProgramSource@@@Z)'
LINK : warning LNK4217: symbol '___glewBindBuffer' defined in 'glew32s.lib(glew.obj)' is imported by 'VertexArrayObject.obj' in function '"public: void __thiscall VertexArrayObject::addDynamicIndicesBuffer(int)" (?addDynamicIndicesBuffer@VertexArrayObject@@QAEXH@Z)'
LINK : warning LNK4286: symbol '___glewBindBuffer' defined in 'glew32s.lib(glew.obj)' is imported by 'VertexBuffer.obj'
LINK : warning LNK4217: symbol '___glewBufferData' defined in 'glew32s.lib(glew.obj)' is imported by 'VertexArrayObject.obj' in function '"public: void __thiscall VertexArrayObject::addDynamicIndicesBuffer(int)" (?addDynamicIndicesBuffer@VertexArrayObject@@QAEXH@Z)'
LINK : warning LNK4286: symbol '___glewBufferData' defined in 'glew32s.lib(glew.obj)' is imported by 'VertexBuffer.obj'
LINK : warning LNK4217: symbol '___glewBufferSubData' defined in 'glew32s.lib(glew.obj)' is imported by 'VertexArrayObject.obj' in function '"public: void __thiscall VertexArrayObject::updateIndicesBuffer(unsigned int *,int)" (?updateIndicesBuffer@VertexArrayObject@@QAEXPAIH@Z)'
LINK : warning LNK4286: symbol '___glewBufferSubData' defined in 'glew32s.lib(glew.obj)' is imported by 'VertexBuffer.obj'
LINK : warning LNK4217: symbol '___glewDeleteBuffers' defined in 'glew32s.lib(glew.obj)' is imported by 'VertexArrayObject.obj' in function '"public: __thiscall VertexArrayObject::~VertexArrayObject(void)" (??1VertexArrayObject@@QAE@XZ)'
LINK : warning LNK4286: symbol '___glewDeleteBuffers' defined in 'glew32s.lib(glew.obj)' is imported by 'VertexBuffer.obj'
LINK : warning LNK4217: symbol '___glewGenBuffers' defined in 'glew32s.lib(glew.obj)' is imported by 'VertexArrayObject.obj' in function '"public: void __thiscall VertexArrayObject::addDynamicIndicesBuffer(int)" (?addDynamicIndicesBuffer@VertexArrayObject@@QAEXH@Z)'
LINK : warning LNK4286: symbol '___glewGenBuffers' defined in 'glew32s.lib(glew.obj)' is imported by 'VertexBuffer.obj'
LINK : warning LNK4217: symbol '___glewEnableVertexAttribArray' defined in 'glew32s.lib(glew.obj)' is imported by 'VertexArrayObject.obj' in function '"public: void __thiscall VertexArrayObject::finishBuilding(void)" (?finishBuilding@VertexArrayObject@@QAEXXZ)'
LINK : warning LNK4217: symbol '___glewVertexAttribPointer' defined in 'glew32s.lib(glew.obj)' is imported by 'VertexArrayObject.obj' in function '"public: void __thiscall VertexArrayObject::finishBuilding(void)" (?finishBuilding@VertexArrayObject@@QAEXXZ)'
LINK : warning LNK4217: symbol '___glewBindVertexArray' defined in 'glew32s.lib(glew.obj)' is imported by 'VertexArrayObject.obj' in function '"public: void __thiscall VertexArrayObject::beginBuilding(void)" (?beginBuilding@VertexArrayObject@@QAEXXZ)'
LINK : warning LNK4217: symbol '___glewDeleteVertexArrays' defined in 'glew32s.lib(glew.obj)' is imported by 'VertexArrayObject.obj' in function '"public: __thiscall VertexArrayObject::~VertexArrayObject(void)" (??1VertexArrayObject@@QAE@XZ)'
LINK : warning LNK4217: symbol '___glewGenVertexArrays' defined in 'glew32s.lib(glew.obj)' is imported by 'VertexArrayObject.obj' in function '"public: __thiscall VertexArrayObject::VertexArrayObject(void)" (??0VertexArrayObject@@QAE@XZ)'
MSVCRTD.lib(exe_main.obj) : error LNK2019: unresolved external symbol _main referenced in function "int __cdecl invoke_main(void)" (?invoke_main@@YAHXZ)
C:\Users\disckord\Desktop\Complex Game Systems\workspace\CppPrimitiveRenderer\CppPrimitiveRenderer\CppPrimitiveRenderer\bin\Debug\CppPrimitiveRenderer.exe : fatal error LNK1120: 1 unresolved externals
